2024-01-01 INFO user=admin action=login
2024-01-01 INFO user=user1 action=login
2024-01-01 WARN user=user2 action=login_failed
2024-01-01 INFO user=user3 action=view_page
2024-01-01 INFO user=admin action=view_dashboard
2024-01-01 ERROR user=guest action=delete
2024-01-01 INFO user=user4 action=logout
2024-01-01 INFO user=user5 action=login
2024-01-01 INFO user=user5 action=update_profile
2024-01-01 WARN user=user6 action=change_password_failed
2024-01-02 INFO user=admin action=login
2024-01-02 INFO user=user1 action=view_page
2024-01-02 INFO user=user2 action=login
2024-01-02 INFO user=user2 action=create_order
2024-01-02 ERROR user=user2 action=payment_failed
2024-01-02 INFO user=user3 action=logout
2024-01-02 INFO user=user4 action=login
2024-01-02 INFO user=user4 action=create_order
2024-01-02 INFO user=user4 action=payment_success
2024-01-02 INFO user=user4 action=logout
2024-01-03 INFO user=admin action=login
2024-01-03 INFO user=admin action=create_user
2024-01-03 INFO user=user7 action=login
2024-01-03 WARN user=user7 action=access_denied
2024-01-03 INFO user=user8 action=login
2024-01-03 INFO user=user8 action=view_page
2024-01-03 INFO user=user8 action=logout
2024-01-03 INFO user=user9 action=login
2024-01-03 ERROR user=user9 action=delete
2024-01-03 INFO user=user9 action=logout
2024-01-04 INFO user=admin action=login
2024-01-04 INFO user=admin action=backup
2024-01-04 INFO user=user10 action=login
2024-01-04 INFO user=user10 action=view_page
2024-01-04 WARN user=user10 action=session_timeout
2024-01-04 INFO user=user11 action=login
2024-01-04 INFO user=user11 action=update_profile
2024-01-04 INFO user=user11 action=logout
2024-01-04 ERROR user=guest action=access_admin
2024-01-04 INFO user=admin action=logout
